<?xml version="1.0" encoding="UTF-8"?>
<testng-results ignored="0" total="1" passed="1" failed="0" skipped="0">
  <reporter-output>
  </reporter-output>
  <suite started-at="2024-08-30T08:22:52 IST" name="Default suite" finished-at="2024-08-30T08:23:27 IST" duration-ms="34920">
    <groups>
    </groups>
    <test started-at="2024-08-30T08:22:52 IST" name="Default test" finished-at="2024-08-30T08:23:27 IST" duration-ms="34920">
      <class name="test.Login_Test">
        <test-method is-config="true" signature="beforeMethod()[pri:0, instance:test.Login_Test@32193bea]" started-at="2024-08-30T08:22:52 IST" name="beforeMethod" finished-at="2024-08-30T08:22:52 IST" duration-ms="9" status="PASS">
          <reporter-output>
          </reporter-output>
        </test-method> <!-- beforeMethod -->
        <test-method signature="login()[pri:0, instance:test.Login_Test@32193bea]" started-at="2024-08-30T08:22:52 IST" name="login" finished-at="2024-08-30T08:23:27 IST" duration-ms="34800" status="PASS">
          <reporter-output>
          </reporter-output>
        </test-method> <!-- login -->
        <test-method is-config="true" signature="afterMethod()[pri:0, instance:test.Login_Test@32193bea]" started-at="2024-08-30T08:23:27 IST" name="afterMethod" finished-at="2024-08-30T08:23:27 IST" duration-ms="11" status="PASS">
          <reporter-output>
          </reporter-output>
        </test-method> <!-- afterMethod -->
      </class> <!-- test.Login_Test -->
    </test> <!-- Default test -->
  </suite> <!-- Default suite -->
</testng-results>
